<?xml version="1.0" encoding="UTF-8"?>
<testng-results ignored="0" total="1" passed="1" failed="0" skipped="0">
  <reporter-output>
  </reporter-output>
  <suite started-at="2022-05-30T12:17:05 IST" name="Default suite" finished-at="2022-05-30T12:17:05 IST" duration-ms="82">
    <groups>
    </groups>
    <test started-at="2022-05-30T12:17:05 IST" name="Default test" finished-at="2022-05-30T12:17:05 IST" duration-ms="82">
      <class name="com.brillio.Test.LoginTest">
        <test-method signature="validCredentialTest()[pri:0, instance:com.brillio.Test.LoginTest@4fb61f4a]" started-at="2022-05-30T12:17:05 IST" name="validCredentialTest" finished-at="2022-05-30T12:17:05 IST" duration-ms="10" status="PASS">
          <reporter-output>
          </reporter-output>
        </test-method> <!-- validCredentialTest -->
      </class> <!-- com.brillio.Test.LoginTest -->
    </test> <!-- Default test -->
  </suite> <!-- Default suite -->
</testng-results>
